Build started 11/6/2015 6:48:15 PM.
     1>Project "C:\Users\100488896\Documents\AlgorithmsAssignment1\Assignment 2\Exercise01\Exercise01.vcxproj" on node 2 (Build target(s)).
     1>C:\Program Files (x86)\MSBuild\Microsoft.Cpp\v4.0\V120\Microsoft.CppBuild.targets(388,5): warning MSB8028: The intermediate directory (C:\Users\100488896\Documents\AlgorithmsAssignment1\Assignment 2\Exercise01\Intermediate\Debug\) contains files shared from another project (Exercise01.vcxproj).  This can lead to incorrect clean and rebuild behavior.
     1>ClCompile:
         C:\Program Files (x86)\Microsoft Visual Studio 12.0\VC\bin\CL.exe /c /I"C:\Users\100488896\Documents\AlgorithmsAssignment1\Assignment 2\include\\" /ZI /nologo /W3 /WX- /sdl /Od /Oy- /D _MBCS /Gm /EHsc /RTC1 /MDd /GS /fp:precise /Zc:wchar_t /Zc:forScope /Fo"C:\Users\100488896\Documents\AlgorithmsAssignment1\Assignment 2\Exercise01\Intermediate\Debug\\" /Fd"C:\Users\100488896\Documents\AlgorithmsAssignment1\Assignment 2\Exercise01\Intermediate\Debug\vc120.pdb" /Gd /TP /analyze- /errorReport:prompt Assignment2.cpp
         Assignment2.cpp
     1>c:\users\100488896\documents\algorithmsassignment1\assignment 2\exercise01\assignment2.cpp(84): warning C4018: '<' : signed/unsigned mismatch
     1>c:\users\100488896\documents\algorithmsassignment1\assignment 2\exercise01\assignment2.cpp(89): warning C4018: '<' : signed/unsigned mismatch
     1>c:\users\100488896\documents\algorithmsassignment1\assignment 2\exercise01\assignment2.cpp(107): warning C4018: '<' : signed/unsigned mismatch
     1>c:\users\100488896\documents\algorithmsassignment1\assignment 2\exercise01\assignment2.cpp(131): warning C4018: '<' : signed/unsigned mismatch
     1>c:\users\100488896\documents\algorithmsassignment1\assignment 2\exercise01\assignment2.cpp(178): warning C4018: '>=' : signed/unsigned mismatch
     1>c:\users\100488896\documents\algorithmsassignment1\assignment 2\exercise01\assignment2.cpp(189): warning C4018: '>=' : signed/unsigned mismatch
     1>c:\users\100488896\documents\algorithmsassignment1\assignment 2\exercise01\assignment2.cpp(196): warning C4018: '>=' : signed/unsigned mismatch
     1>c:\users\100488896\documents\algorithmsassignment1\assignment 2\exercise01\assignment2.cpp(205): warning C4018: '>=' : signed/unsigned mismatch
     1>c:\users\100488896\documents\algorithmsassignment1\assignment 2\exercise01\assignment2.cpp(276): warning C4018: '<' : signed/unsigned mismatch
     1>c:\users\100488896\documents\algorithmsassignment1\assignment 2\exercise01\assignment2.cpp(296): warning C4018: '<' : signed/unsigned mismatch
       Link:
         C:\Program Files (x86)\Microsoft Visual Studio 12.0\VC\bin\link.exe /ERRORREPORT:PROMPT /OUT:"C:\Users\100488896\Documents\AlgorithmsAssignment1\Assignment 2\bin\Debug\Assignment2.exe" /INCREMENTAL /NOLOGO /LIBPATH:"C:\Users\100488896\Documents\AlgorithmsAssignment1\Assignment 2\lib\\" glut32.lib DevIL.lib ILU.lib ILUT.lib kernel32.lib user32.lib gdi32.lib winspool.lib comdlg32.lib advapi32.lib shell32.lib ole32.lib oleaut32.lib uuid.lib odbc32.lib odbccp32.lib /MANIFEST /MANIFESTUAC:"level='asInvoker' uiAccess='false'" /manifest:embed /DEBUG /PDB:"C:\Users\100488896\Documents\AlgorithmsAssignment1\Assignment 2\bin\Debug\Assignment2.pdb" /TLBID:1 /DYNAMICBASE /NXCOMPAT /IMPLIB:"C:\Users\100488896\Documents\AlgorithmsAssignment1\Assignment 2\bin\Debug\Assignment2.lib" /MACHINE:X86 "C:\Users\100488896\Documents\AlgorithmsAssignment1\Assignment 2\Exercise01\Intermediate\Debug\Assignment2.obj"
         Exercise01.vcxproj -> C:\Users\100488896\Documents\AlgorithmsAssignment1\Assignment 2\bin\Debug\Assignment2.exe
     1>Done Building Project "C:\Users\100488896\Documents\AlgorithmsAssignment1\Assignment 2\Exercise01\Exercise01.vcxproj" (Build target(s)).

Build succeeded.

Time Elapsed 00:00:00.65
